1
8
1a4849cdf8025038822b11c6ff0af9d0b6eb0d1b
3
28
2016
7
25
ee23bb387cc2c0a921cf671660bfaace3393f465
9
8
ee23bb387cc2c0a921cf671660bfaace3393f465
11
28
2016
15
8
3fdd1c3690e7595b3f7be54ac4205d8456928371
17
28
2016
21
8
ff14308500c6e45ab8b122cc2c95c784c6609fce
23
28
2016
27
8
2ceea91504ff9a91f03e7ab8044b8c6d558d695b
29
28
2016
33
8
39d5d2fd2d49455b7264a7b56edb771c6d5e6468
35
28
2016
39
8
b54d2d5e4185a3535840bca13b4d8404bc3ca56b
41
28
2016
43
26
 escape/unescape
45
8
ae2be9e8f7c73d99d9a71b31975ad4520c483c64
47
28
2016
51
8
fadbb9865c6f85800ef7c6dff354ea5e57e59274