commit aba6476c980598ba635bf32ec624a457e5040321
Author: Jorge Morante <jorge@morante.eu>
Date:   Sun May 8 22:06:13 2016 +0200

    WIP

commit 1a4849cdf8025038822b11c6ff0af9d0b6eb0d1b
Author: Jorge Morante <jorge@morante.eu>
Date:   Sun May 8 17:06:02 2016 +0200

    Revert "better rendering"

    This reverts commit ee23bb387cc2c0a921cf671660bfaace3393f465.

commit ee23bb387cc2c0a921cf671660bfaace3393f465
Author: Jorge Morante <jorge@morante.eu>
Date:   Sat May 7 21:38:25 2016 +0200

    better rendering

commit 3fdd1c3690e7595b3f7be54ac4205d8456928371
Author: Jorge Morante <jorge@morante.eu>
Date:   Fri May 6 00:25:54 2016 +0200

    remove colon-escape hacks

commit ff14308500c6e45ab8b122cc2c95c784c6609fce
Author: Jorge Morante <jorge@morante.eu>
Date:   Thu May 5 23:44:09 2016 +0200

    preserve tabs when echoing hints

commit 2ceea91504ff9a91f03e7ab8044b8c6d558d695b
Author: Jorge Morante <jorge@morante.eu>
Date:   Thu May 5 23:33:07 2016 +0200

    remove unused exec code

commit 39d5d2fd2d49455b7264a7b56edb771c6d5e6468
Author: Jorge Morante <jorge@morante.eu>
Date:   Wed May 4 09:45:43 2016 +0200

    (possibly) fix wrong string expansion

commit b54d2d5e4185a3535840bca13b4d8404bc3ca56b
Author: Jorge Morante <jorge@morante.eu>
Date:   Tue May 3 09:05:05 2016 +0200

    fix url patterns with escape/unescape magic

commit ae2be9e8f7c73d99d9a71b31975ad4520c483c64
:
commit aba6476c980598ba635bf32ec624a457e5040321
Author: Jorge Morante <jorge@morante.eu>
Date:   Sun May 8 22:06:13 2016 +0200

    WIP

commit 1a4849cdf8025038822b11c6ff0af9d0b6eb0d1b
Author: Jorge Morante <jorge@morante.eu>
Date:   Sun May 8 17:06:02 2016 +0200

    Revert "better rendering"

    This reverts commit ee23bb387cc2c0a921cf671660bfaace3393f465.

commit ee23bb387cc2c0a921cf671660bfaace3393f465
Author: Jorge Morante <jorge@morante.eu>
Date:   Sat May 7 21:38:25 2016 +0200

    better rendering

commit 3fdd1c3690e7595b3f7be54ac4205d8456928371
Author: Jorge Morante <jorge@morante.eu>
Date:   Fri May 6 00:25:54 2016 +0200

    remove colon-escape hacks

commit ff14308500c6e45ab8b122cc2c95c784c6609fce
Author: Jorge Morante <jorge@morante.eu>
Date:   Thu May 5 23:44:09 2016 +0200

    preserve tabs when echoing hints

commit 2ceea91504ff9a91f03e7ab8044b8c6d558d695b
Author: Jorge Morante <jorge@morante.eu>
Date:   Thu May 5 23:33:07 2016 +0200

    remove unused exec code

commit 39d5d2fd2d49455b7264a7b56edb771c6d5e6468
Author: Jorge Morante <jorge@morante.eu>
Date:   Wed May 4 09:45:43 2016 +0200

    (possibly) fix wrong string expansion

commit b54d2d5e4185a3535840bca13b4d8404bc3ca56b
Author: Jorge Morante <jorge@morante.eu>
Date:   Tue May 3 09:05:05 2016 +0200

    fix url patterns with escape/unescape magic

commit ae2be9e8f7c73d99d9a71b31975ad4520c483c64
:
